<?xml version="1.0" encoding="UTF-8"?>
<!-- Generated by org.testng.reporters.JUnitReportReporter -->
<testsuite skipped="0" hostname="QSP-010" name="com.tys.tests.cartlane" tests="1" failures="0" timestamp="06 Nov 2017 08:44:53 GMT" time="38.289" errors="0">
  <testcase name="chatTest" time="38.289" classname="com.tys.tests.cartlane"/>
</testsuite> <!-- com.tys.tests.cartlane -->
