<?xml version="1.0" encoding="UTF-8"?>
<!-- Generated by org.testng.reporters.JUnitReportReporter -->
<testsuite skipped="0" name="com.tys.tests.SortByTest" tests="1" failures="0" timestamp="02 Nov 2017 10:36:18 GMT" time="40.470" errors="0">
  <testcase name="sortByPriceLowToHigh" time="40.470" classname="com.tys.tests.SortByTest"/>
</testsuite> <!-- com.tys.tests.SortByTest -->
