<?xml version="1.0" encoding="UTF-8"?>
<!-- Generated by org.testng.reporters.JUnitReportReporter -->
<testsuite skipped="0" hostname="QSP-010" name="com.tys.tests.AutoSuggetionTest" tests="1" failures="0" timestamp="06 Nov 2017 05:05:07 GMT" time="39.074" errors="0">
  <testcase name="autoSuggTest" time="39.074" classname="com.tys.tests.AutoSuggetionTest"/>
</testsuite> <!-- com.tys.tests.AutoSuggetionTest -->
