<?xml version="1.0" encoding="UTF-8"?>
<!-- Generated by org.testng.reporters.JUnitReportReporter -->
<testsuite skipped="0" name="com.tys.tests.CurrencySymbolTest" tests="1" failures="0" timestamp="06 Nov 2017 05:07:01 GMT" time="27.154" errors="0">
  <testcase name="currencySymbolTest" time="27.154" classname="com.tys.tests.CurrencySymbolTest"/>
</testsuite> <!-- com.tys.tests.CurrencySymbolTest -->
