<?xml version="1.0" encoding="UTF-8"?>
<!-- Generated by org.testng.reporters.JUnitReportReporter -->
<testsuite skipped="0" name="com.tys.tests.MetalFilterTest" tests="1" failures="0" timestamp="06 Nov 2017 05:32:35 GMT" time="50.430" errors="0">
  <testcase name="ringsMetalFilterTest" time="50.430" classname="com.tys.tests.MetalFilterTest"/>
</testsuite> <!-- com.tys.tests.MetalFilterTest -->
