<?xml version="1.0" encoding="UTF-8"?>
<!-- Generated by org.testng.reporters.JUnitReportReporter -->
<testsuite skipped="0" name="com.tys.tests.PhoneNumberVisiblityTest" tests="1" failures="0" timestamp="03 Nov 2017 07:00:14 GMT" time="24.054" errors="0">
  <testcase name="phoneNumberUniqnessTest" time="24.054" classname="com.tys.tests.PhoneNumberVisiblityTest"/>
</testsuite> <!-- com.tys.tests.PhoneNumberVisiblityTest -->
