<?xml version="1.0" encoding="UTF-8"?>
<!-- Generated by org.testng.reporters.JUnitReportReporter -->
<testsuite skipped="0" hostname="QSP-010" name="com.tys.tests.WishListTest" tests="1" failures="0" timestamp="03 Nov 2017 05:18:39 GMT" time="45.488" errors="0">
  <testcase name="wishListTest" time="45.488" classname="com.tys.tests.WishListTest"/>
</testsuite> <!-- com.tys.tests.WishListTest -->
