<?xml version="1.0" encoding="UTF-8"?>
<!-- Generated by org.testng.reporters.JUnitReportReporter -->
<testsuite skipped="0" hostname="QSP-010" name="com.tys.tests.SocialLinkTest" tests="2" failures="0" timestamp="06 Nov 2017 04:57:59 GMT" time="54.104" errors="0">
  <testcase name="twitterTest" time="27.533" classname="com.tys.tests.SocialLinkTest"/>
  <testcase name="pinterestTest" time="26.571" classname="com.tys.tests.SocialLinkTest"/>
</testsuite> <!-- com.tys.tests.SocialLinkTest -->
