<?xml version="1.0" encoding="UTF-8"?>
<!-- Generated by org.testng.reporters.JUnitReportReporter -->
<testsuite skipped="0" hostname="QSP-010" name="com.tys.tests.InvalidLogTest" tests="1" failures="0" timestamp="06 Nov 2017 05:31:07 GMT" time="19.139" errors="0">
  <testcase name="invalidvalidLoginTest" time="19.139" classname="com.tys.tests.InvalidLogTest"/>
</testsuite> <!-- com.tys.tests.InvalidLogTest -->
