<?xml version="1.0" encoding="UTF-8"?>
<!-- Generated by org.testng.reporters.JUnitReportReporter -->
<testsuite skipped="0" name="com.tys.tests.AddToCartTest" tests="1" failures="0" timestamp="06 Nov 2017 05:01:25 GMT" time="71.655" errors="0">
  <testcase name="addToCartTest" time="71.655" classname="com.tys.tests.AddToCartTest"/>
</testsuite> <!-- com.tys.tests.AddToCartTest -->
