<?xml version="1.0" encoding="UTF-8"?>
<!-- Generated by org.testng.reporters.JUnitReportReporter -->
<testsuite skipped="0" hostname="QSP-010" name="com.tys.tests.PriceFilterTest" tests="1" failures="0" timestamp="03 Nov 2017 05:18:39 GMT" time="50.696" errors="0">
  <testcase name="ringsPriceFilterTest" time="50.696" classname="com.tys.tests.PriceFilterTest"/>
</testsuite> <!-- com.tys.tests.PriceFilterTest -->
