<?xml version="1.0" encoding="UTF-8"?>
<!-- Generated by org.testng.reporters.JUnitReportReporter -->
<testsuite skipped="0" hostname="QSP-010" name="com.tys.tests.ScrollTest" tests="1" failures="0" timestamp="03 Nov 2017 05:18:39 GMT" time="13.658" errors="0">
  <testcase name="scrollTest" time="13.658" classname="com.tys.tests.ScrollTest"/>
</testsuite> <!-- com.tys.tests.ScrollTest -->
